[debug] [2018-08-13T07:34:57.837Z] ----------------------------------------------------------------------
[debug] [2018-08-13T07:34:57.841Z] Command:       /usr/bin/node /usr/bin/firebase serve --only hosting
[debug] [2018-08-13T07:34:57.841Z] CLI Version:   4.0.3
[debug] [2018-08-13T07:34:57.841Z] Platform:      linux
[debug] [2018-08-13T07:34:57.841Z] Node Version:  v9.11.2
[debug] [2018-08-13T07:34:57.841Z] Time:          Mon Aug 13 2018 13:04:57 GMT+0530 (IST)
[debug] [2018-08-13T07:34:57.841Z] ----------------------------------------------------------------------
[debug] 
[debug] [2018-08-13T07:34:57.856Z] > command requires scopes: ["email","openid","https://www.googleapis.com/auth/cloudplatformprojects.readonly","https://www.googleapis.com/auth/firebase","https://www.googleapis.com/auth/cloud-platform"]
[debug] [2018-08-13T07:34:57.857Z] > authorizing via signed-in user
[debug] [2018-08-13T07:34:57.859Z] > refreshing access token with scopes: ["email","https://www.googleapis.com/auth/cloud-platform","https://www.googleapis.com/auth/cloudplatformprojects.readonly","https://www.googleapis.com/auth/firebase","openid"]
[debug] [2018-08-13T07:34:57.860Z] >>> HTTP REQUEST POST https://www.googleapis.com/oauth2/v3/token  
 { refresh_token: '1/ihFHolWZg5yxagc1yPT2XH6jUcWhAqgwoyZGpGZkCmU',
  client_id: '563584335869-fgrhgmd47bqnekij5i8b5pr03ho849e6.apps.googleusercontent.com',
  client_secret: 'j9iVZfS8kkCEFUPaAeJV0sAi',
  grant_type: 'refresh_token',
  scope: 'email https://www.googleapis.com/auth/cloud-platform https://www.googleapis.com/auth/cloudplatformprojects.readonly https://www.googleapis.com/auth/firebase openid' } 
 Mon Aug 13 2018 13:04:57 GMT+0530 (IST)
[debug] [2018-08-13T07:34:58.309Z] <<< HTTP RESPONSE 200
[debug] [2018-08-13T07:34:58.367Z] >>> HTTP REQUEST GET https://admin.firebase.com/v1/projects/aog-app-8103b  
  
 Mon Aug 13 2018 13:04:58 GMT+0530 (IST)
[debug] [2018-08-13T07:35:14.704Z] <<< HTTP RESPONSE 200
[debug] [2018-08-13T07:35:14.706Z] >>> HTTP REQUEST GET https://admin.firebase.com/v1/database/aog-app-8103b/tokens  
  
 Mon Aug 13 2018 13:05:14 GMT+0530 (IST)
[debug] [2018-08-13T07:35:30.970Z] <<< HTTP RESPONSE 200
[debug] [2018-08-13T07:35:30.973Z] >>> HTTP REQUEST GET https://cloudresourcemanager.googleapis.com/v1/projects/aog-app-8103b  
  
 Mon Aug 13 2018 13:05:30 GMT+0530 (IST)
[debug] [2018-08-13T07:35:32.913Z] <<< HTTP RESPONSE 200
[info] 
[info] === Serving from '/home/honey/Documents/Firebase-chat/friendlychat-web/web-start'...
[info] 
[debug] [2018-08-13T07:35:32.921Z] >>> HTTP REQUEST GET https://mobilesdk-pa.googleapis.com/v1/projects/720171407086/clients/_:getWebAppConfig  
  
 Mon Aug 13 2018 13:05:32 GMT+0530 (IST)
[debug] [2018-08-13T07:35:33.747Z] <<< HTTP RESPONSE 200
[info] i  hosting: Serving hosting files from: ./
[info] ✔  hosting: Local server: http://localhost:5000

[debug] [2018-08-13T07:46:04.743Z] ----------------------------------------------------------------------
[debug] [2018-08-13T07:46:04.747Z] Command:       /usr/bin/node /usr/bin/firebase serve --only hosting
[debug] [2018-08-13T07:46:04.748Z] CLI Version:   4.0.3
[debug] [2018-08-13T07:46:04.748Z] Platform:      linux
[debug] [2018-08-13T07:46:04.748Z] Node Version:  v9.11.2
[debug] [2018-08-13T07:46:04.748Z] Time:          Mon Aug 13 2018 13:16:04 GMT+0530 (IST)
[debug] [2018-08-13T07:46:04.748Z] ----------------------------------------------------------------------
[debug] 
[debug] [2018-08-13T07:46:04.763Z] > command requires scopes: ["email","openid","https://www.googleapis.com/auth/cloudplatformprojects.readonly","https://www.googleapis.com/auth/firebase","https://www.googleapis.com/auth/cloud-platform"]
[debug] [2018-08-13T07:46:04.763Z] > authorizing via signed-in user
[debug] [2018-08-13T07:46:04.767Z] >>> HTTP REQUEST GET https://admin.firebase.com/v1/projects/aog-app-8103b  
  
 Mon Aug 13 2018 13:16:04 GMT+0530 (IST)
[debug] [2018-08-13T07:46:21.008Z] <<< HTTP RESPONSE 200
[debug] [2018-08-13T07:46:21.009Z] >>> HTTP REQUEST GET https://admin.firebase.com/v1/database/aog-app-8103b/tokens  
  
 Mon Aug 13 2018 13:16:21 GMT+0530 (IST)
[debug] [2018-08-13T07:46:37.161Z] <<< HTTP RESPONSE 200
[debug] [2018-08-13T07:46:37.163Z] >>> HTTP REQUEST GET https://cloudresourcemanager.googleapis.com/v1/projects/aog-app-8103b  
  
 Mon Aug 13 2018 13:16:37 GMT+0530 (IST)
[debug] [2018-08-13T07:46:39.041Z] <<< HTTP RESPONSE 200
[info] 
[info] === Serving from '/home/honey/Documents/Firebase-chat/friendlychat-web/web-start'...
[info] 
[debug] [2018-08-13T07:46:39.049Z] >>> HTTP REQUEST GET https://mobilesdk-pa.googleapis.com/v1/projects/720171407086/clients/_:getWebAppConfig  
  
 Mon Aug 13 2018 13:16:39 GMT+0530 (IST)
[debug] [2018-08-13T07:46:39.835Z] <<< HTTP RESPONSE 200
[warn] ⚠  hosting: Port 5000 is not available. Trying another port...
[debug] [2018-08-13T07:46:39.862Z] >>> HTTP REQUEST GET https://mobilesdk-pa.googleapis.com/v1/projects/720171407086/clients/_:getWebAppConfig  
  
 Mon Aug 13 2018 13:16:39 GMT+0530 (IST)
[debug] [2018-08-13T07:46:40.540Z] <<< HTTP RESPONSE 200
[info] i  hosting: Serving hosting files from: ./
[info] ✔  hosting: Local server: http://localhost:5004

[debug] [2018-08-13T08:02:07.339Z] ----------------------------------------------------------------------
[debug] [2018-08-13T08:02:07.343Z] Command:       /usr/bin/node /usr/bin/firebase serve --only hosting
[debug] [2018-08-13T08:02:07.343Z] CLI Version:   4.0.3
[debug] [2018-08-13T08:02:07.343Z] Platform:      linux
[debug] [2018-08-13T08:02:07.343Z] Node Version:  v9.11.2
[debug] [2018-08-13T08:02:07.343Z] Time:          Mon Aug 13 2018 13:32:07 GMT+0530 (IST)
[debug] [2018-08-13T08:02:07.343Z] ----------------------------------------------------------------------
[debug] 
[debug] [2018-08-13T08:02:07.407Z] > command requires scopes: ["email","openid","https://www.googleapis.com/auth/cloudplatformprojects.readonly","https://www.googleapis.com/auth/firebase","https://www.googleapis.com/auth/cloud-platform"]
[debug] [2018-08-13T08:02:07.408Z] > authorizing via signed-in user
[debug] [2018-08-13T08:02:07.413Z] >>> HTTP REQUEST GET https://admin.firebase.com/v1/projects/aog-app-8103b  
  
 Mon Aug 13 2018 13:32:07 GMT+0530 (IST)
[debug] [2018-08-13T08:02:26.355Z] <<< HTTP RESPONSE 200
[debug] [2018-08-13T08:02:26.357Z] >>> HTTP REQUEST GET https://admin.firebase.com/v1/database/aog-app-8103b/tokens  
  
 Mon Aug 13 2018 13:32:26 GMT+0530 (IST)
[debug] [2018-08-13T08:02:43.815Z] <<< HTTP RESPONSE 200
[debug] [2018-08-13T08:02:43.818Z] >>> HTTP REQUEST GET https://cloudresourcemanager.googleapis.com/v1/projects/aog-app-8103b  
  
 Mon Aug 13 2018 13:32:43 GMT+0530 (IST)
[debug] [2018-08-13T08:02:48.128Z] <<< HTTP RESPONSE 200
[info] 
[info] === Serving from '/home/honey/Documents/Firebase-chat/friendlychat-web/web-start'...
[info] 
[debug] [2018-08-13T08:02:48.135Z] >>> HTTP REQUEST GET https://mobilesdk-pa.googleapis.com/v1/projects/720171407086/clients/_:getWebAppConfig  
  
 Mon Aug 13 2018 13:32:48 GMT+0530 (IST)
[debug] [2018-08-13T08:02:51.041Z] <<< HTTP RESPONSE 200
[warn] ⚠  hosting: Port 5000 is not available. Trying another port...
[debug] [2018-08-13T08:02:51.196Z] >>> HTTP REQUEST GET https://mobilesdk-pa.googleapis.com/v1/projects/720171407086/clients/_:getWebAppConfig  
  
 Mon Aug 13 2018 13:32:51 GMT+0530 (IST)
[debug] [2018-08-13T08:02:53.492Z] <<< HTTP RESPONSE 200
[warn] ⚠  hosting: Port 5004 is not available. Trying another port...
[debug] [2018-08-13T08:02:53.503Z] >>> HTTP REQUEST GET https://mobilesdk-pa.googleapis.com/v1/projects/720171407086/clients/_:getWebAppConfig  
  
 Mon Aug 13 2018 13:32:53 GMT+0530 (IST)
[debug] [2018-08-13T08:02:56.094Z] <<< HTTP RESPONSE 200
[info] i  hosting: Serving hosting files from: ./
[info] ✔  hosting: Local server: http://localhost:5008

[debug] [2018-08-13T08:06:05.147Z] ----------------------------------------------------------------------
[debug] [2018-08-13T08:06:05.157Z] Command:       /usr/bin/node /usr/bin/firebase serve --only hosting
[debug] [2018-08-13T08:06:05.157Z] CLI Version:   4.0.3
[debug] [2018-08-13T08:06:05.158Z] Platform:      linux
[debug] [2018-08-13T08:06:05.158Z] Node Version:  v9.11.2
[debug] [2018-08-13T08:06:05.158Z] Time:          Mon Aug 13 2018 13:36:05 GMT+0530 (IST)
[debug] [2018-08-13T08:06:05.158Z] ----------------------------------------------------------------------
[debug] 
[debug] [2018-08-13T08:06:05.201Z] > command requires scopes: ["email","openid","https://www.googleapis.com/auth/cloudplatformprojects.readonly","https://www.googleapis.com/auth/firebase","https://www.googleapis.com/auth/cloud-platform"]
[debug] [2018-08-13T08:06:05.202Z] > authorizing via signed-in user
[debug] [2018-08-13T08:06:05.205Z] >>> HTTP REQUEST GET https://admin.firebase.com/v1/projects/aog-app-8103b  
  
 Mon Aug 13 2018 13:36:05 GMT+0530 (IST)
[debug] [2018-08-13T08:06:23.601Z] <<< HTTP RESPONSE 200
[debug] [2018-08-13T08:06:23.602Z] >>> HTTP REQUEST GET https://admin.firebase.com/v1/database/aog-app-8103b/tokens  
  
 Mon Aug 13 2018 13:36:23 GMT+0530 (IST)
[debug] [2018-08-13T08:06:41.687Z] <<< HTTP RESPONSE 200
[debug] [2018-08-13T08:06:41.689Z] >>> HTTP REQUEST GET https://cloudresourcemanager.googleapis.com/v1/projects/aog-app-8103b  
  
 Mon Aug 13 2018 13:36:41 GMT+0530 (IST)
[debug] [2018-08-13T08:06:48.882Z] <<< HTTP RESPONSE 200
[info] 
[info] === Serving from '/home/honey/Documents/Firebase-chat/friendlychat-web/web-start'...
[info] 
[debug] [2018-08-13T08:06:48.889Z] >>> HTTP REQUEST GET https://mobilesdk-pa.googleapis.com/v1/projects/720171407086/clients/_:getWebAppConfig  
  
 Mon Aug 13 2018 13:36:48 GMT+0530 (IST)
[debug] [2018-08-13T08:06:52.291Z] <<< HTTP RESPONSE 200
[warn] ⚠  hosting: Port 5000 is not available. Trying another port...
[debug] [2018-08-13T08:06:52.427Z] >>> HTTP REQUEST GET https://mobilesdk-pa.googleapis.com/v1/projects/720171407086/clients/_:getWebAppConfig  
  
 Mon Aug 13 2018 13:36:52 GMT+0530 (IST)
[debug] [2018-08-13T08:06:54.918Z] <<< HTTP RESPONSE 200
[warn] ⚠  hosting: Port 5004 is not available. Trying another port...
[debug] [2018-08-13T08:06:54.925Z] >>> HTTP REQUEST GET https://mobilesdk-pa.googleapis.com/v1/projects/720171407086/clients/_:getWebAppConfig  
  
 Mon Aug 13 2018 13:36:54 GMT+0530 (IST)
[debug] [2018-08-13T08:07:01.220Z] <<< HTTP RESPONSE 200
[warn] ⚠  hosting: Port 5008 is not available. Trying another port...
[debug] [2018-08-13T08:07:01.226Z] >>> HTTP REQUEST GET https://mobilesdk-pa.googleapis.com/v1/projects/720171407086/clients/_:getWebAppConfig  
  
 Mon Aug 13 2018 13:37:01 GMT+0530 (IST)
[debug] [2018-08-13T08:07:03.301Z] <<< HTTP RESPONSE 200
[info] i  hosting: Serving hosting files from: ./
[info] ✔  hosting: Local server: http://localhost:5012

