[debug] [2018-08-14T00:50:27.199Z] ----------------------------------------------------------------------
[debug] [2018-08-14T00:50:27.203Z] Command:       /usr/bin/node /usr/bin/firebase use --add
[debug] [2018-08-14T00:50:27.203Z] CLI Version:   4.0.3
[debug] [2018-08-14T00:50:27.203Z] Platform:      linux
[debug] [2018-08-14T00:50:27.203Z] Node Version:  v9.11.2
[debug] [2018-08-14T00:50:27.203Z] Time:          Tue Aug 14 2018 06:20:27 GMT+0530 (IST)
[debug] [2018-08-14T00:50:27.203Z] ----------------------------------------------------------------------
[debug] 
[debug] [2018-08-14T00:50:27.217Z] > command requires scopes: ["email","openid","https://www.googleapis.com/auth/cloudplatformprojects.readonly","https://www.googleapis.com/auth/firebase"]
[debug] [2018-08-14T00:50:27.218Z] > authorizing via signed-in user
[debug] [2018-08-14T00:50:27.221Z] >>> HTTP REQUEST GET https://admin.firebase.com/v1/projects  
  
 Tue Aug 14 2018 06:20:27 GMT+0530 (IST)
[debug] [2018-08-14T00:50:44.278Z] <<< HTTP RESPONSE 200
[debug] [2018-08-14T00:51:38.503Z] TypeError: Cannot read property 'setRawMode' of null
    at ReadStream.setRawMode (tty.js:64:16)
    at Interface._setRawMode (readline.js:246:16)
    at Interface.close (readline.js:376:10)
    at ReadStream.ontermend (readline.js:159:10)
    at ReadStream.emit (events.js:185:15)
    at ReadStream.emit (domain.js:422:20)
    at endReadableNT (_stream_readable.js:1106:12)
    at process._tickCallback (internal/process/next_tick.js:178:19)
[error] 
[error] Error: An unexpected error has occurred.
[debug] [2018-08-14T00:51:38.508Z] TypeError: Cannot read property 'setRawMode' of null
    at ReadStream.setRawMode (tty.js:64:16)
    at Interface._setRawMode (readline.js:246:16)
    at process.<anonymous> (readline.js:860:20)
    at Object.onceWrapper (events.js:272:13)
    at process.emit (events.js:180:13)
    at process.emit (domain.js:422:20)
[error] 
[error] Error: An unexpected error has occurred.
[debug] [2018-08-14T00:51:38.575Z] TypeError: Cannot read property 'setRawMode' of null
    at ReadStream.setRawMode (tty.js:64:16)
    at Interface._setRawMode (readline.js:246:16)
    at Interface.close (readline.js:376:10)
    at module.exports.UI.close (/usr/lib/node_modules/firebase-tools/node_modules/inquirer/lib/ui/baseUI.js:54:11)
    at module.exports.UI.onForceClose (/usr/lib/node_modules/firebase-tools/node_modules/inquirer/lib/ui/baseUI.js:34:8)
    at process.emit (events.js:185:15)
    at process.emit (domain.js:422:20)
    at process.exit (internal/process.js:140:15)
    at exit (/usr/lib/node_modules/firebase-tools/node_modules/exit-hook/index.js:18:11)
    at Object.onceWrapper (events.js:272:13)
[error] 
[error] Error: An unexpected error has occurred.
[debug] [2018-08-14T00:51:38.577Z] Error: write EIO
    at WriteWrap.afterWrite [as oncomplete] (net.js:844:14)
[error] 
[error] Error: An unexpected error has occurred.
[debug] [2018-08-14T00:51:38.578Z] Error: write EIO
    at WriteWrap.afterWrite [as oncomplete] (net.js:844:14)
[error] 
[error] Error: An unexpected error has occurred.
